0 verbose cli /usr/local/bin/node /usr/local/bin/npm
1 info using npm@10.8.2
2 info using node@v20.17.0
3 silly config load:file:/usr/local/lib/node_modules/npm/npmrc
4 silly config load:file:/home/cab/.npmrc
5 silly config load:file:/usr/local/etc/npmrc
6 verbose title npm run start
7 verbose argv "run" "start"
8 verbose logfile logs-max:10 dir:/home/cab/.npm/_logs/2024-10-23T15_14_43_683Z-
9 verbose logfile /home/cab/.npm/_logs/2024-10-23T15_14_43_683Z-debug-0.log
10 silly logfile start cleaning logs, removing 1 files
11 verbose stack Error: Could not read package.json: Error: ENOENT: no such file or directory, open '/home/cab/package.json'
11 verbose stack     at async open (node:internal/fs/promises:639:25)
11 verbose stack     at async readFile (node:internal/fs/promises:1242:14)
11 verbose stack     at async read (/usr/local/lib/node_modules/npm/node_modules/@npmcli/package-json/lib/read-package.js:9:18)
11 verbose stack     at async PackageJson.load (/usr/local/lib/node_modules/npm/node_modules/@npmcli/package-json/lib/index.js:130:31)
11 verbose stack     at async PackageJson.normalize (/usr/local/lib/node_modules/npm/node_modules/@npmcli/package-json/lib/index.js:116:5)
11 verbose stack     at async #run (/usr/local/lib/node_modules/npm/lib/commands/run-script.js:85:13)
11 verbose stack     at async RunScript.exec (/usr/local/lib/node_modules/npm/lib/commands/run-script.js:39:7)
11 verbose stack     at async Npm.exec (/usr/local/lib/node_modules/npm/lib/npm.js:207:9)
11 verbose stack     at async module.exports (/usr/local/lib/node_modules/npm/lib/cli/entry.js:74:5)
12 error code ENOENT
13 error syscall open
14 error path /home/cab/package.json
15 error errno -2
16 error enoent Could not read package.json: Error: ENOENT: no such file or directory, open '/home/cab/package.json'
17 error enoent This is related to npm not being able to find a file.
17 error enoent
18 verbose cwd /home/cab
19 verbose os Linux 5.15.0-122-generic
20 verbose node v20.17.0
21 verbose npm  v10.8.2
22 verbose exit -2
23 verbose code -2
24 error A complete log of this run can be found in: /home/cab/.npm/_logs/2024-10-23T15_14_43_683Z-debug-0.log
