0 verbose cli /usr/local/bin/node /usr/local/bin/npm
1 info using npm@10.8.2
2 info using node@v20.17.0
3 silly config load:file:/usr/local/lib/node_modules/npm/npmrc
4 silly config load:file:/home/cab/NuvemBack/.npmrc
5 silly config load:file:/home/cab/.npmrc
6 silly config load:file:/usr/local/etc/npmrc
7 verbose title npm run start4
8 verbose argv "run" "start4"
9 verbose logfile logs-max:10 dir:/home/cab/.npm/_logs/2024-10-16T12_12_58_926Z-
10 verbose logfile /home/cab/.npm/_logs/2024-10-16T12_12_58_926Z-debug-0.log
11 silly logfile start cleaning logs, removing 1 files
12 silly logfile done cleaning log files
13 verbose stack Error: Missing script: "start4"
13 verbose stack
13 verbose stack Did you mean one of these?
13 verbose stack   npm star # Mark your favorite packages
13 verbose stack   npm stars # View packages marked as favorites
13 verbose stack   npm start # Start a package
13 verbose stack
13 verbose stack To see a list of scripts, run:
13 verbose stack   npm run
13 verbose stack     at #run (/usr/local/lib/node_modules/npm/lib/commands/run-script.js:110:13)
13 verbose stack     at async RunScript.exec (/usr/local/lib/node_modules/npm/lib/commands/run-script.js:39:7)
13 verbose stack     at async Npm.exec (/usr/local/lib/node_modules/npm/lib/npm.js:207:9)
13 verbose stack     at async module.exports (/usr/local/lib/node_modules/npm/lib/cli/entry.js:74:5)
14 error Missing script: "start4"
14 error
14 error Did you mean one of these?
14 error   npm star # Mark your favorite packages
14 error   npm stars # View packages marked as favorites
14 error   npm start # Start a package
14 error
14 error To see a list of scripts, run:
14 error   npm run
15 verbose cwd /home/cab/NuvemBack
16 verbose os Linux 5.15.0-121-generic
17 verbose node v20.17.0
18 verbose npm  v10.8.2
19 verbose exit 1
20 verbose code 1
21 error A complete log of this run can be found in: /home/cab/.npm/_logs/2024-10-16T12_12_58_926Z-debug-0.log
